<?xml version="1.0" encoding="UTF-8"?>
<testng-results skipped="0" failed="0" ignored="0" total="4" passed="4">
  <reporter-output>
  </reporter-output>
  <suite name="Regression" duration-ms="2713" started-at="2020-05-07T22:44:59 IST" finished-at="2020-05-07T22:45:01 IST">
    <groups>
    </groups>
    <test name="Claims" duration-ms="2343" started-at="2020-05-07T22:44:59 IST" finished-at="2020-05-07T22:45:01 IST">
      <class name="org.company.BussinessLayer.Controls.RestGet">
        <test-method status="PASS" signature="executeControl()[pri:0, instance:org.company.BussinessLayer.Controls.RestGet@32e6e9c3]" name="executeControl" duration-ms="2303" started-at="2020-05-07T22:44:59 IST" finished-at="2020-05-07T22:45:01 IST">
          <reporter-output>
          </reporter-output>
        </test-method> <!-- executeControl -->
      </class> <!-- org.company.BussinessLayer.Controls.RestGet -->
      <class name="org.company.BussinessLayer.Controls.RestPost">
        <test-method status="PASS" signature="executeControl()[pri:0, instance:org.company.BussinessLayer.Controls.RestPost@5056dfcb]" name="executeControl" duration-ms="1" started-at="2020-05-07T22:45:01 IST" finished-at="2020-05-07T22:45:01 IST">
          <reporter-output>
          </reporter-output>
        </test-method> <!-- executeControl -->
      </class> <!-- org.company.BussinessLayer.Controls.RestPost -->
    </test> <!-- Claims -->
    <test name="Contracts" duration-ms="316" started-at="2020-05-07T22:45:01 IST" finished-at="2020-05-07T22:45:01 IST">
      <class name="org.company.BussinessLayer.Controls.RestGet">
        <test-method status="PASS" signature="executeControl()[pri:0, instance:org.company.BussinessLayer.Controls.RestGet@100fc185]" name="executeControl" duration-ms="313" started-at="2020-05-07T22:45:01 IST" finished-at="2020-05-07T22:45:01 IST">
          <reporter-output>
          </reporter-output>
        </test-method> <!-- executeControl -->
      </class> <!-- org.company.BussinessLayer.Controls.RestGet -->
      <class name="org.company.BussinessLayer.Controls.RestPost">
        <test-method status="PASS" signature="executeControl()[pri:0, instance:org.company.BussinessLayer.Controls.RestPost@643b1d11]" name="executeControl" duration-ms="0" started-at="2020-05-07T22:45:01 IST" finished-at="2020-05-07T22:45:01 IST">
          <reporter-output>
          </reporter-output>
        </test-method> <!-- executeControl -->
      </class> <!-- org.company.BussinessLayer.Controls.RestPost -->
    </test> <!-- Contracts -->
  </suite> <!-- Regression -->
  <suite name="Smoke" duration-ms="0" started-at="2020-05-07T22:45:01 IST" finished-at="2020-05-07T22:45:01 IST">
    <groups>
    </groups>
  </suite> <!-- Smoke -->
</testng-results>
